[debug] [2020-05-07T16:40:55.959Z] ----------------------------------------------------------------------
[debug] [2020-05-07T16:40:55.961Z] Command:       /Users/SamHopkins/.nvm/versions/node/v12.14.1/bin/node /Users/SamHopkins/.nvm/versions/node/v12.14.1/bin/firebase init
[debug] [2020-05-07T16:40:55.962Z] CLI Version:   8.2.0
[debug] [2020-05-07T16:40:55.962Z] Platform:      darwin
[debug] [2020-05-07T16:40:55.962Z] Node Version:  v12.14.1
[debug] [2020-05-07T16:40:55.963Z] Time:          Thu May 07 2020 12:40:55 GMT-0400 (Eastern Daylight Time)
[debug] [2020-05-07T16:40:55.963Z] ----------------------------------------------------------------------
[debug] [2020-05-07T16:40:55.963Z] 
[debug] [2020-05-07T16:40:55.970Z] > command requires scopes: ["email","openid","https://www.googleapis.com/auth/cloudplatformprojects.readonly","https://www.googleapis.com/auth/firebase","https://www.googleapis.com/auth/cloud-platform"]
[debug] [2020-05-07T16:40:55.971Z] > authorizing via signed-in user
[info] 
     ######## #### ########  ######## ########     ###     ######  ########
     ##        ##  ##     ## ##       ##     ##  ##   ##  ##       ##
     ######    ##  ########  ######   ########  #########  ######  ######
     ##        ##  ##    ##  ##       ##     ## ##     ##       ## ##
     ##       #### ##     ## ######## ########  ##     ##  ######  ########

You're about to initialize a Firebase project in this directory:

  /Users/SamHopkins/Vanilla Javascript/iamsamhopkins

Before we get started, keep in mind:

  * You are initializing in an existing Firebase project directory

[info] 
=== Project Setup
[info] 
[info] First, let's associate this project directory with a Firebase project.
[info] You can create multiple project aliases by running firebase use --add, 
[info] but for now we'll just set up a default project.
[info] 
[info] i  .firebaserc already has a default project, using iamsamhopkins-16722.
[debug] [2020-05-07T16:40:57.302Z] >>> HTTP REQUEST GET https://firebase.googleapis.com/v1beta1/projects/iamsamhopkins-16722  
 
[debug] [2020-05-07T16:40:57.518Z] <<< HTTP RESPONSE 200 {"content-type":"application/json; charset=UTF-8","vary":"X-Origin, Referer, Origin,Accept-Encoding","date":"Thu, 07 May 2020 16:40:57 GMT","server":"ESF","cache-control":"private","x-xss-protection":"0","x-frame-options":"SAMEORIGIN","x-content-type-options":"nosniff","alt-svc":"h3-27=\":443\"; ma=2592000,h3-25=\":443\"; ma=2592000,h3-Q050=\":443\"; ma=2592000,h3-Q049=\":443\"; ma=2592000,h3-Q048=\":443\"; ma=2592000,h3-Q046=\":443\"; ma=2592000,h3-Q043=\":443\"; ma=2592000,quic=\":443\"; ma=2592000; v=\"46,43\"","accept-ranges":"none","transfer-encoding":"chunked"}
[info] 
=== Hosting Setup
[info] 
[info] Your public directory is the folder (relative to your project directory) that
[info] will contain Hosting assets to be uploaded with firebase deploy. If you
[info] have a build process for your assets, use your build's output directory.
[info] 
[debug] [2020-05-07T16:41:01.491Z] Error: ENOTDIR: not a directory, open '/Users/SamHopkins/Vanilla Javascript/iamsamhopkins/index.html/404.html'
    at Object.openSync (fs.js:440:3)
    at Object.writeFileSync (fs.js:1265:35)
    at Object.createFileSync (/Users/SamHopkins/.nvm/versions/node/v12.14.1/lib/node_modules/firebase-tools/node_modules/fs-extra/lib/ensure/file.js:34:6)
    at Config.writeProjectFile (/Users/SamHopkins/.nvm/versions/node/v12.14.1/lib/node_modules/firebase-tools/lib/config.js:154:8)
    at /Users/SamHopkins/.nvm/versions/node/v12.14.1/lib/node_modules/firebase-tools/lib/config.js:173:18
    at processTicksAndRejections (internal/process/task_queues.js:94:5)
[error] 
[error] Error: An unexpected error has occurred.
